0 info it worked if it ends with ok
1 verbose cli [ 'D:\\Program Files\\nodejs\\node.exe',
1 verbose cli   'D:\\Program Files\\nodejs\\node_modules\\npm\\bin\\npm-cli.js',
1 verbose cli   'run',
1 verbose cli   'dev',
1 verbose cli   '--scripts-prepend-node-path=auto' ]
2 info using npm@3.10.10
3 info using node@v6.10.0
4 verbose run-script [ 'predev', 'dev', 'postdev' ]
5 info lifecycle smap@1.0.0~predev: smap@1.0.0
6 silly lifecycle smap@1.0.0~predev: no script for predev, continuing
7 info lifecycle smap@1.0.0~dev: smap@1.0.0
8 verbose lifecycle smap@1.0.0~dev: unsafe-perm in lifecycle true
9 verbose lifecycle smap@1.0.0~dev: PATH: D:\nvm\v6.10.0\node_modules\npm\bin\node-gyp-bin;D:\code\github\SMAP\node_modules\.bin;C:\WINDOWS\system32;C:\WINDOWS;C:\WINDOWS\System32\Wbem;C:\WINDOWS\System32\WindowsPowerShell\v1.0\;D:\Program Files\OpenVPN\bin;D:\Program Files\TortoiseSVN\bin;D:\Program Files\python27;D:\nvm;D:\Program Files\nodejs;C:\WINDOWS\system32\config\systemprofile\.dnx\bin;C:\Program Files\Microsoft DNX\Dnvm\;C:\Program Files\Microsoft SQL Server\130\Tools\Binn\;C:\Program Files\MySQL\MySQL Utilities 1.6\;d:\Program Files\IDM Computer Solutions\UltraEdit;C:\Program Files\Java\jdk1.8.0_121\bin;C:\Program Files\Java\jdk1.8.0_121\jre\bin;D:\Program Files\python\Scripts\;D:\Program Files\python\;C:\Users\liwanchong.NAVINFO\AppData\Roaming\npm;C:\Users\liwanchong.NAVINFO\AppData\Local\Microsoft\WindowsApps;D:\Program Files\SSH Communications Security\SSH Secure Shell;D:\nvm;D:\Program Files\nodejs;
10 verbose lifecycle smap@1.0.0~dev: CWD: D:\code\github\SMAP
11 silly lifecycle smap@1.0.0~dev: Args: [ '/d /s /c', 'gulp dev' ]
12 silly lifecycle smap@1.0.0~dev: Returned: code: 1  signal: null
13 info lifecycle smap@1.0.0~dev: Failed to exec dev script
14 verbose stack Error: smap@1.0.0 dev: `gulp dev`
14 verbose stack Exit status 1
14 verbose stack     at EventEmitter.<anonymous> (D:\nvm\v6.10.0\node_modules\npm\lib\utils\lifecycle.js:255:16)
14 verbose stack     at emitTwo (events.js:106:13)
14 verbose stack     at EventEmitter.emit (events.js:191:7)
14 verbose stack     at ChildProcess.<anonymous> (D:\nvm\v6.10.0\node_modules\npm\lib\utils\spawn.js:40:14)
14 verbose stack     at emitTwo (events.js:106:13)
14 verbose stack     at ChildProcess.emit (events.js:191:7)
14 verbose stack     at maybeClose (internal/child_process.js:877:16)
14 verbose stack     at Process.ChildProcess._handle.onexit (internal/child_process.js:226:5)
15 verbose pkgid smap@1.0.0
16 verbose cwd D:\code\github\SMAP
17 error Windows_NT 10.0.15063
18 error argv "D:\\Program Files\\nodejs\\node.exe" "D:\\Program Files\\nodejs\\node_modules\\npm\\bin\\npm-cli.js" "run" "dev" "--scripts-prepend-node-path=auto"
19 error node v6.10.0
20 error npm  v3.10.10
21 error code ELIFECYCLE
22 error smap@1.0.0 dev: `gulp dev`
22 error Exit status 1
23 error Failed at the smap@1.0.0 dev script 'gulp dev'.
23 error Make sure you have the latest version of node.js and npm installed.
23 error If you do, this is most likely a problem with the smap package,
23 error not with npm itself.
23 error Tell the author that this fails on your system:
23 error     gulp dev
23 error You can get information on how to open an issue for this project with:
23 error     npm bugs smap
23 error Or if that isn't available, you can get their info via:
23 error     npm owner ls smap
23 error There is likely additional logging output above.
24 verbose exit [ 1, true ]
